2025-11-27 23:45:30 - __main__ - INFO - [main.py:24] - main - Running scenario Scenario 7
2025-11-27 23:45:35 - application_components.simulation_environment.simulation_env - INFO - [simulation_env.py:90] - simulation_loop - Simpy simulation round: 0
2025-11-27 23:45:35 - root - INFO - [medicus_server.py:244] - _add_graph_to_vectordatabase - Rejected adding graph to vectordatabase, since it already has elements. Rejected graph: GraphData(edges=7, people=4) 
2025-11-27 23:45:35 - root - INFO - [medicus_server.py:151] - _process_health_message - Health message: HealthMessage(patient_ssn=0, patient_edge='e0', measurements_count=1) was transformed into [HealthMeasurementValuePair(measurement_type=MeasurementType.HEART_RATE_MEASUREMENT, category=MeasurementCategory.MEDIUM)]
2025-11-27 23:45:35 - root - INFO - [medicus_server.py:158] - _process_health_message - Health message: {'measurement_type': 'HeartRateMeasurement', 'category': 'Medium', 'ssn': '0'} was successfully transformed into [HealthMeasurementValuePair(measurement_type=MeasurementType.HEART_RATE_MEASUREMENT, category=MeasurementCategory.MEDIUM)]
2025-11-27 23:45:35 - root - INFO - [medicus_server.py:170] - _process_health_message - Person 0 has NOT an emergency.
2025-11-27 23:45:35 - root - INFO - [medicus_server.py:80] - delete_patient_health_measurements - Successfully deleted health measurements of patient with ssn 0
2025-11-27 23:45:35 - root - INFO - [medicus_server.py:151] - _process_health_message - Health message: HealthMessage(patient_ssn=1, patient_edge='e2', measurements_count=1) was transformed into [HealthMeasurementValuePair(measurement_type=MeasurementType.HEART_RATE_MEASUREMENT, category=MeasurementCategory.MEDIUM)]
2025-11-27 23:45:35 - root - INFO - [medicus_server.py:158] - _process_health_message - Health message: {'measurement_type': 'HeartRateMeasurement', 'category': 'Medium', 'ssn': '1'} was successfully transformed into [HealthMeasurementValuePair(measurement_type=MeasurementType.HEART_RATE_MEASUREMENT, category=MeasurementCategory.MEDIUM)]
2025-11-27 23:45:35 - root - INFO - [medicus_server.py:170] - _process_health_message - Person 1 has NOT an emergency.
2025-11-27 23:45:35 - root - INFO - [medicus_server.py:80] - delete_patient_health_measurements - Successfully deleted health measurements of patient with ssn 1
2025-11-27 23:45:36 - root - INFO - [medicus_server.py:151] - _process_health_message - Health message: HealthMessage(patient_ssn=2, patient_edge='e3', measurements_count=1) was transformed into [HealthMeasurementValuePair(measurement_type=MeasurementType.HEART_RATE_MEASUREMENT, category=MeasurementCategory.MEDIUM)]
2025-11-27 23:45:36 - root - INFO - [medicus_server.py:158] - _process_health_message - Health message: {'measurement_type': 'HeartRateMeasurement', 'category': 'Medium', 'ssn': '2'} was successfully transformed into [HealthMeasurementValuePair(measurement_type=MeasurementType.HEART_RATE_MEASUREMENT, category=MeasurementCategory.MEDIUM)]
2025-11-27 23:45:36 - root - INFO - [medicus_server.py:170] - _process_health_message - Person 2 has NOT an emergency.
2025-11-27 23:45:36 - root - INFO - [medicus_server.py:80] - delete_patient_health_measurements - Successfully deleted health measurements of patient with ssn 2
2025-11-27 23:45:38 - application_components.simulation_environment.simulation_env - INFO - [simulation_env.py:90] - simulation_loop - Simpy simulation round: 1
2025-11-27 23:45:38 - root - INFO - [medicus_server.py:151] - _process_health_message - Health message: HealthMessage(patient_ssn=3, patient_edge='e4', measurements_count=1) was transformed into [HealthMeasurementValuePair(measurement_type=MeasurementType.HEART_RATE_MEASUREMENT, category=MeasurementCategory.MEDIUM)]
2025-11-27 23:45:38 - root - INFO - [medicus_server.py:158] - _process_health_message - Health message: {'measurement_type': 'HeartRateMeasurement', 'category': 'Medium', 'ssn': '3'} was successfully transformed into [HealthMeasurementValuePair(measurement_type=MeasurementType.HEART_RATE_MEASUREMENT, category=MeasurementCategory.MEDIUM)]
2025-11-27 23:45:38 - root - INFO - [medicus_server.py:170] - _process_health_message - Person 3 has NOT an emergency.
2025-11-27 23:45:38 - root - INFO - [medicus_server.py:80] - delete_patient_health_measurements - Successfully deleted health measurements of patient with ssn 3
2025-11-27 23:45:40 - root - INFO - [medicus_server.py:151] - _process_health_message - Health message: HealthMessage(patient_ssn=0, patient_edge='e0', measurements_count=1) was transformed into [HealthMeasurementValuePair(measurement_type=MeasurementType.HEART_RATE_MEASUREMENT, category=MeasurementCategory.MEDIUM)]
2025-11-27 23:45:40 - root - INFO - [medicus_server.py:158] - _process_health_message - Health message: {'measurement_type': 'HeartRateMeasurement', 'category': 'Medium', 'ssn': '0'} was successfully transformed into [HealthMeasurementValuePair(measurement_type=MeasurementType.HEART_RATE_MEASUREMENT, category=MeasurementCategory.MEDIUM)]
2025-11-27 23:45:40 - root - INFO - [medicus_server.py:170] - _process_health_message - Person 0 has NOT an emergency.
2025-11-27 23:45:40 - root - INFO - [medicus_server.py:80] - delete_patient_health_measurements - Successfully deleted health measurements of patient with ssn 0
2025-11-27 23:45:42 - root - INFO - [simulation_env.py:66] - monitor_simulation_state - Stopping Simpy due to time timeout!
2025-11-27 23:45:42 - root - INFO - [medicus_server.py:151] - _process_health_message - Health message: HealthMessage(patient_ssn=1, patient_edge='e2', measurements_count=1) was transformed into [HealthMeasurementValuePair(measurement_type=MeasurementType.HEART_RATE_MEASUREMENT, category=MeasurementCategory.MEDIUM)]
2025-11-27 23:45:42 - root - INFO - [medicus_server.py:158] - _process_health_message - Health message: {'measurement_type': 'HeartRateMeasurement', 'category': 'Medium', 'ssn': '1'} was successfully transformed into [HealthMeasurementValuePair(measurement_type=MeasurementType.HEART_RATE_MEASUREMENT, category=MeasurementCategory.MEDIUM)]
2025-11-27 23:45:42 - root - INFO - [medicus_server.py:170] - _process_health_message - Person 1 has NOT an emergency.
2025-11-27 23:45:42 - root - INFO - [medicus_server.py:80] - delete_patient_health_measurements - Successfully deleted health measurements of patient with ssn 1
