2025-12-05 18:50:23 - __main__ - INFO - [main.py:24] - main - Running scenario Scenario 5
2025-12-05 18:50:40 - application_components.simulation_environment.simulation_env - INFO - [simulation_env.py:90] - simulation_loop - Simpy simulation round: 0
2025-12-05 18:50:40 - application_components.simulation_environment.simulation_env - INFO - [simulation_env.py:90] - simulation_loop - Simpy simulation round: 1
2025-12-05 18:50:40 - application_components.simulation_environment.simulation_env - INFO - [simulation_env.py:90] - simulation_loop - Simpy simulation round: 2
2025-12-05 18:50:40 - root - INFO - [medicus_server.py:260] - _insert_graph_edge - Succesfully inserted graph edge: Edge(id='e0', target='e1', distance=100)
2025-12-05 18:50:40 - root - INFO - [medicus_server.py:260] - _insert_graph_edge - Succesfully inserted graph edge: Edge(id='e1', target='e2', distance=150)
2025-12-05 18:50:40 - root - INFO - [medicus_server.py:260] - _insert_graph_edge - Succesfully inserted graph edge: Edge(id='e2', target='e3', distance=120)
2025-12-05 18:50:40 - root - INFO - [medicus_server.py:260] - _insert_graph_edge - Succesfully inserted graph edge: Edge(id='e3', target='e4', distance=180)
2025-12-05 18:50:40 - root - INFO - [medicus_server.py:260] - _insert_graph_edge - Succesfully inserted graph edge: Edge(id='e4', target='e5', distance=90)
2025-12-05 18:50:40 - root - INFO - [medicus_server.py:260] - _insert_graph_edge - Succesfully inserted graph edge: Edge(id='e5', target='e3', distance=200)
2025-12-05 18:50:40 - root - INFO - [medicus_server.py:260] - _insert_graph_edge - Succesfully inserted graph edge: Edge(id='e6', target='e5', distance=130)
2025-12-05 18:50:40 - root - INFO - [medicus_server.py:273] - _insert_graph_person - Succesfully inserted graph person: Person(ssn=0, name='Alex', type='FirstResponder', speciality=IllnessType.RESPIRATORY, location='e0', hasEmergency=False)
2025-12-05 18:50:40 - root - INFO - [medicus_server.py:273] - _insert_graph_person - Succesfully inserted graph person: Person(ssn=1, name='Matija', type='FirstResponder', speciality=IllnessType.TRAUMA, location='e2', hasEmergency=False)
2025-12-05 18:50:40 - root - INFO - [medicus_server.py:273] - _insert_graph_person - Succesfully inserted graph person: Person(ssn=2, name='Rohit', type='FirstResponder', speciality=IllnessType.RESPIRATORY, location='e3', hasEmergency=False)
2025-12-05 18:50:41 - root - INFO - [medicus_server.py:273] - _insert_graph_person - Succesfully inserted graph person: Person(ssn=3, name='Bob', type='FirstResponder', speciality=IllnessType.RESPIRATORY, location='e4', hasEmergency=False)
2025-12-05 18:50:41 - root - INFO - [medicus_server.py:150] - _process_health_message - Health message: HealthMessage(patient_ssn=0, patient_edge='e0', measurements_count=1) was transformed into [HealthMeasurementValuePair(measurement_type=MeasurementType.HEART_RATE_MEASUREMENT, category=MeasurementCategory.MEDIUM)]
2025-12-05 18:50:41 - root - INFO - [medicus_server.py:157] - _process_health_message - Health message: {'measurement_type': 'HeartRateMeasurement', 'category': 'Medium', 'ssn': '0'} was successfully inserted as query PREFIX csa: <https://omilab.org/experiments/city-swift-aid#>PREFIX xsd: <http://www.w3.org/2001/XMLSchema#>INSERT {    ?person csa:hasHealthMeasurement [        a csa:MeasurementValuePair ;        csa:hasMeasurement csa:HeartRateMeasurement ;        csa:hasValue csa:Medium    ] .}WHERE {    ?person csa:hasSSN "0" .}
2025-12-05 18:50:41 - root - INFO - [medicus_server.py:169] - _process_health_message - Person 0 has NOT an emergency.
2025-12-05 18:50:41 - root - INFO - [medicus_server.py:80] - delete_patient_health_measurements - Successfully deleted health measurements of patient with ssn 0
2025-12-05 18:50:41 - root - INFO - [medicus_server.py:150] - _process_health_message - Health message: HealthMessage(patient_ssn=1, patient_edge='e2', measurements_count=1) was transformed into [HealthMeasurementValuePair(measurement_type=MeasurementType.HEART_RATE_MEASUREMENT, category=MeasurementCategory.MEDIUM)]
2025-12-05 18:50:41 - root - INFO - [medicus_server.py:157] - _process_health_message - Health message: {'measurement_type': 'HeartRateMeasurement', 'category': 'Medium', 'ssn': '1'} was successfully inserted as query PREFIX csa: <https://omilab.org/experiments/city-swift-aid#>PREFIX xsd: <http://www.w3.org/2001/XMLSchema#>INSERT {    ?person csa:hasHealthMeasurement [        a csa:MeasurementValuePair ;        csa:hasMeasurement csa:HeartRateMeasurement ;        csa:hasValue csa:Medium    ] .}WHERE {    ?person csa:hasSSN "1" .}
2025-12-05 18:50:41 - root - INFO - [medicus_server.py:169] - _process_health_message - Person 1 has NOT an emergency.
2025-12-05 18:50:41 - root - WARNING - [simulation_env.py:66] - monitor_simulation_state - Stopping Simpy due to time timeout!
2025-12-05 18:50:41 - root - INFO - [medicus_server.py:80] - delete_patient_health_measurements - Successfully deleted health measurements of patient with ssn 1
2025-12-05 18:50:41 - root - INFO - [medicus_server.py:150] - _process_health_message - Health message: HealthMessage(patient_ssn=2, patient_edge='e3', measurements_count=1) was transformed into [HealthMeasurementValuePair(measurement_type=MeasurementType.HEART_RATE_MEASUREMENT, category=MeasurementCategory.MEDIUM)]
2025-12-05 18:50:41 - root - INFO - [medicus_server.py:157] - _process_health_message - Health message: {'measurement_type': 'HeartRateMeasurement', 'category': 'Medium', 'ssn': '2'} was successfully inserted as query PREFIX csa: <https://omilab.org/experiments/city-swift-aid#>PREFIX xsd: <http://www.w3.org/2001/XMLSchema#>INSERT {    ?person csa:hasHealthMeasurement [        a csa:MeasurementValuePair ;        csa:hasMeasurement csa:HeartRateMeasurement ;        csa:hasValue csa:Medium    ] .}WHERE {    ?person csa:hasSSN "2" .}
2025-12-05 18:50:41 - root - INFO - [medicus_server.py:169] - _process_health_message - Person 2 has NOT an emergency.
2025-12-05 18:50:41 - root - INFO - [medicus_server.py:80] - delete_patient_health_measurements - Successfully deleted health measurements of patient with ssn 2
2025-12-05 18:50:41 - root - INFO - [medicus_server.py:150] - _process_health_message - Health message: HealthMessage(patient_ssn=3, patient_edge='e4', measurements_count=1) was transformed into [HealthMeasurementValuePair(measurement_type=MeasurementType.HEART_RATE_MEASUREMENT, category=MeasurementCategory.MEDIUM)]
2025-12-05 18:50:41 - root - INFO - [medicus_server.py:157] - _process_health_message - Health message: {'measurement_type': 'HeartRateMeasurement', 'category': 'Medium', 'ssn': '3'} was successfully inserted as query PREFIX csa: <https://omilab.org/experiments/city-swift-aid#>PREFIX xsd: <http://www.w3.org/2001/XMLSchema#>INSERT {    ?person csa:hasHealthMeasurement [        a csa:MeasurementValuePair ;        csa:hasMeasurement csa:HeartRateMeasurement ;        csa:hasValue csa:Medium    ] .}WHERE {    ?person csa:hasSSN "3" .}
2025-12-05 18:50:41 - root - INFO - [medicus_server.py:169] - _process_health_message - Person 3 has NOT an emergency.
2025-12-05 18:50:42 - root - INFO - [medicus_server.py:80] - delete_patient_health_measurements - Successfully deleted health measurements of patient with ssn 3
2025-12-05 18:50:42 - root - INFO - [medicus_server.py:150] - _process_health_message - Health message: HealthMessage(patient_ssn=0, patient_edge='e0', measurements_count=1) was transformed into [HealthMeasurementValuePair(measurement_type=MeasurementType.HEART_RATE_MEASUREMENT, category=MeasurementCategory.MEDIUM)]
2025-12-05 18:50:42 - root - INFO - [medicus_server.py:157] - _process_health_message - Health message: {'measurement_type': 'HeartRateMeasurement', 'category': 'Medium', 'ssn': '0'} was successfully inserted as query PREFIX csa: <https://omilab.org/experiments/city-swift-aid#>PREFIX xsd: <http://www.w3.org/2001/XMLSchema#>INSERT {    ?person csa:hasHealthMeasurement [        a csa:MeasurementValuePair ;        csa:hasMeasurement csa:HeartRateMeasurement ;        csa:hasValue csa:Medium    ] .}WHERE {    ?person csa:hasSSN "0" .}
2025-12-05 18:50:42 - root - INFO - [medicus_server.py:169] - _process_health_message - Person 0 has NOT an emergency.
2025-12-05 18:50:42 - root - INFO - [medicus_server.py:80] - delete_patient_health_measurements - Successfully deleted health measurements of patient with ssn 0
2025-12-05 18:50:42 - root - INFO - [medicus_server.py:150] - _process_health_message - Health message: HealthMessage(patient_ssn=1, patient_edge='e2', measurements_count=1) was transformed into [HealthMeasurementValuePair(measurement_type=MeasurementType.HEART_RATE_MEASUREMENT, category=MeasurementCategory.MEDIUM)]
2025-12-05 18:50:42 - root - INFO - [medicus_server.py:157] - _process_health_message - Health message: {'measurement_type': 'HeartRateMeasurement', 'category': 'Medium', 'ssn': '1'} was successfully inserted as query PREFIX csa: <https://omilab.org/experiments/city-swift-aid#>PREFIX xsd: <http://www.w3.org/2001/XMLSchema#>INSERT {    ?person csa:hasHealthMeasurement [        a csa:MeasurementValuePair ;        csa:hasMeasurement csa:HeartRateMeasurement ;        csa:hasValue csa:Medium    ] .}WHERE {    ?person csa:hasSSN "1" .}
2025-12-05 18:50:42 - root - INFO - [medicus_server.py:169] - _process_health_message - Person 1 has NOT an emergency.
2025-12-05 18:50:42 - root - INFO - [medicus_server.py:80] - delete_patient_health_measurements - Successfully deleted health measurements of patient with ssn 1
2025-12-05 18:50:42 - root - INFO - [medicus_server.py:150] - _process_health_message - Health message: HealthMessage(patient_ssn=2, patient_edge='e3', measurements_count=1) was transformed into [HealthMeasurementValuePair(measurement_type=MeasurementType.HEART_RATE_MEASUREMENT, category=MeasurementCategory.MEDIUM)]
2025-12-05 18:50:42 - root - INFO - [medicus_server.py:157] - _process_health_message - Health message: {'measurement_type': 'HeartRateMeasurement', 'category': 'Medium', 'ssn': '2'} was successfully inserted as query PREFIX csa: <https://omilab.org/experiments/city-swift-aid#>PREFIX xsd: <http://www.w3.org/2001/XMLSchema#>INSERT {    ?person csa:hasHealthMeasurement [        a csa:MeasurementValuePair ;        csa:hasMeasurement csa:HeartRateMeasurement ;        csa:hasValue csa:Medium    ] .}WHERE {    ?person csa:hasSSN "2" .}
2025-12-05 18:50:42 - root - INFO - [medicus_server.py:169] - _process_health_message - Person 2 has NOT an emergency.
2025-12-05 18:50:42 - root - INFO - [medicus_server.py:80] - delete_patient_health_measurements - Successfully deleted health measurements of patient with ssn 2
2025-12-05 18:50:42 - root - INFO - [medicus_server.py:150] - _process_health_message - Health message: HealthMessage(patient_ssn=3, patient_edge='e4', measurements_count=1) was transformed into [HealthMeasurementValuePair(measurement_type=MeasurementType.HEART_RATE_MEASUREMENT, category=MeasurementCategory.MEDIUM)]
2025-12-05 18:50:42 - root - INFO - [medicus_server.py:157] - _process_health_message - Health message: {'measurement_type': 'HeartRateMeasurement', 'category': 'Medium', 'ssn': '3'} was successfully inserted as query PREFIX csa: <https://omilab.org/experiments/city-swift-aid#>PREFIX xsd: <http://www.w3.org/2001/XMLSchema#>INSERT {    ?person csa:hasHealthMeasurement [        a csa:MeasurementValuePair ;        csa:hasMeasurement csa:HeartRateMeasurement ;        csa:hasValue csa:Medium    ] .}WHERE {    ?person csa:hasSSN "3" .}
2025-12-05 18:50:42 - root - INFO - [medicus_server.py:169] - _process_health_message - Person 3 has NOT an emergency.
2025-12-05 18:50:42 - root - INFO - [medicus_server.py:80] - delete_patient_health_measurements - Successfully deleted health measurements of patient with ssn 3
2025-12-05 18:50:42 - root - INFO - [medicus_server.py:150] - _process_health_message - Health message: HealthMessage(patient_ssn=0, patient_edge='e0', measurements_count=1) was transformed into [HealthMeasurementValuePair(measurement_type=MeasurementType.HEART_RATE_MEASUREMENT, category=MeasurementCategory.MEDIUM)]
2025-12-05 18:50:43 - root - INFO - [medicus_server.py:157] - _process_health_message - Health message: {'measurement_type': 'HeartRateMeasurement', 'category': 'Medium', 'ssn': '0'} was successfully inserted as query PREFIX csa: <https://omilab.org/experiments/city-swift-aid#>PREFIX xsd: <http://www.w3.org/2001/XMLSchema#>INSERT {    ?person csa:hasHealthMeasurement [        a csa:MeasurementValuePair ;        csa:hasMeasurement csa:HeartRateMeasurement ;        csa:hasValue csa:Medium    ] .}WHERE {    ?person csa:hasSSN "0" .}
2025-12-05 18:50:43 - root - INFO - [medicus_server.py:169] - _process_health_message - Person 0 has NOT an emergency.
2025-12-05 18:50:43 - root - INFO - [medicus_server.py:80] - delete_patient_health_measurements - Successfully deleted health measurements of patient with ssn 0
